Performing C++ SOURCE FILE Test CMAKE_HAVE_LIBC_PTHREAD failed with the following output:
Change Dir: /home/creapermann/Data/Programming/Cpp/CodeFiles/29.11.2020_SortAlgorithm_Coll/build-31.10.2020_bubbleSort-default-Debug/CMakeFiles/CMakeTmp

Run Build Command(s):/usr/bin/gmake cmTC_4dce8/fast && /usr/bin/gmake -f CMakeFiles/cmTC_4dce8.dir/build.make CMakeFiles/cmTC_4dce8.dir/build
gmake[1]: Entering directory '/home/creapermann/Data/Programming/Cpp/CodeFiles/29.11.2020_SortAlgorithm_Coll/build-31.10.2020_bubbleSort-default-Debug/CMakeFiles/CMakeTmp'
Building CXX object CMakeFiles/cmTC_4dce8.dir/src.cxx.o
/usr/bin/g++    -DCMAKE_HAVE_LIBC_PTHREAD   -o CMakeFiles/cmTC_4dce8.dir/src.cxx.o -c /home/creapermann/Data/Programming/Cpp/CodeFiles/29.11.2020_SortAlgorithm_Coll/build-31.10.2020_bubbleSort-default-Debug/CMakeFiles/CMakeTmp/src.cxx
Linking CXX executable cmTC_4dce8
/usr/bin/cmake -E cmake_link_script CMakeFiles/cmTC_4dce8.dir/link.txt --verbose=1
/usr/bin/g++   -DCMAKE_HAVE_LIBC_PTHREAD    CMakeFiles/cmTC_4dce8.dir/src.cxx.o  -o cmTC_4dce8 
/usr/bin/ld: CMakeFiles/cmTC_4dce8.dir/src.cxx.o: in function `main':
src.cxx:(.text+0x46): undefined reference to `pthread_create'
/usr/bin/ld: src.cxx:(.text+0x52): undefined reference to `pthread_detach'
/usr/bin/ld: src.cxx:(.text+0x63): undefined reference to `pthread_join'
collect2: error: ld returned 1 exit status
gmake[1]: *** [CMakeFiles/cmTC_4dce8.dir/build.make:87: cmTC_4dce8] Error 1
gmake[1]: Leaving directory '/home/creapermann/Data/Programming/Cpp/CodeFiles/29.11.2020_SortAlgorithm_Coll/build-31.10.2020_bubbleSort-default-Debug/CMakeFiles/CMakeTmp'
gmake: *** [Makefile:121: cmTC_4dce8/fast] Error 2


Source file was:
#include <pthread.h>

void* test_func(void* data)
{
  return data;
}

int main(void)
{
  pthread_t thread;
  pthread_create(&thread, NULL, test_func, NULL);
  pthread_detach(thread);
  pthread_join(thread, NULL);
  pthread_atfork(NULL, NULL, NULL);
  pthread_exit(NULL);

  return 0;
}

Determining if the function pthread_create exists in the pthreads failed with the following output:
Change Dir: /home/creapermann/Data/Programming/Cpp/CodeFiles/29.11.2020_SortAlgorithm_Coll/build-31.10.2020_bubbleSort-default-Debug/CMakeFiles/CMakeTmp

Run Build Command(s):/usr/bin/gmake cmTC_1368f/fast && /usr/bin/gmake -f CMakeFiles/cmTC_1368f.dir/build.make CMakeFiles/cmTC_1368f.dir/build
gmake[1]: Entering directory '/home/creapermann/Data/Programming/Cpp/CodeFiles/29.11.2020_SortAlgorithm_Coll/build-31.10.2020_bubbleSort-default-Debug/CMakeFiles/CMakeTmp'
Building CXX object CMakeFiles/cmTC_1368f.dir/CheckFunctionExists.cxx.o
/usr/bin/g++    -DCHECK_FUNCTION_EXISTS=pthread_create   -o CMakeFiles/cmTC_1368f.dir/CheckFunctionExists.cxx.o -c /home/creapermann/Data/Programming/Cpp/CodeFiles/29.11.2020_SortAlgorithm_Coll/build-31.10.2020_bubbleSort-default-Debug/CMakeFiles/CheckLibraryExists/CheckFunctionExists.cxx
Linking CXX executable cmTC_1368f
/usr/bin/cmake -E cmake_link_script CMakeFiles/cmTC_1368f.dir/link.txt --verbose=1
/usr/bin/g++   -DCHECK_FUNCTION_EXISTS=pthread_create    CMakeFiles/cmTC_1368f.dir/CheckFunctionExists.cxx.o  -o cmTC_1368f  -lpthreads 
/usr/bin/ld: cannot find -lpthreads
collect2: error: ld returned 1 exit status
gmake[1]: *** [CMakeFiles/cmTC_1368f.dir/build.make:87: cmTC_1368f] Error 1
gmake[1]: Leaving directory '/home/creapermann/Data/Programming/Cpp/CodeFiles/29.11.2020_SortAlgorithm_Coll/build-31.10.2020_bubbleSort-default-Debug/CMakeFiles/CMakeTmp'
gmake: *** [Makefile:121: cmTC_1368f/fast] Error 2



